<?xml version="1.0" encoding="UTF-8"?>
<!-- Generated by org.testng.reporters.JUnitReportReporter -->
<testsuite hostname="DESKTOP-FURD321" failures="0" tests="1" name="com.ab.testLayer.test" time="7.870" errors="0" timestamp="2023-02-19T16:50:12 IST" skipped="0">
  <testcase classname="com.ab.testLayer.test" name="Test1" time="7.870"/>
  <system-out/>
</testsuite> <!-- com.ab.testLayer.test -->
