<?xml version="1.0" encoding="UTF-8"?>
<!-- Generated by org.testng.reporters.JUnitReportReporter -->
<testsuite hostname="DESKTOP-40HEEFR" failures="0" tests="1" name="com.ab.testLayer.LoginPageTest" time="15.655" errors="0" timestamp="2023-02-09T00:36:47 IST" skipped="0">
  <testcase classname="com.ab.testLayer.LoginPageTest" name="VerifyLoginCredentials" time="15.655"/>
  <system-out/>
</testsuite> <!-- com.ab.testLayer.LoginPageTest -->
